<?xml version="1.0" encoding="UTF-8"?>
<!-- Generated by org.testng.reporters.JUnitXMLReporter -->
<testsuite ignored="1" hostname="MacBook-Air-Marina.local" failures="4" tests="4" name="Firefox Test" time="22.796" errors="0" timestamp="09 Jun 2020 18:34:35 GMT">
  <testcase classname="homework_24.TestAutomationPracticeSIte" name="notFoundToElement" time="5.053">
    <failure type="org.openqa.selenium.NoSuchElementException" message="Unable to locate element: .blockbestsellers
For documentation on this error, please visit: https://www.seleniumhq.org/exceptions/no_such_element.html
Build info: version: &amp;apos;3.141.59&amp;apos;, revision: &amp;apos;e82be7d358&amp;apos;, time: &amp;apos;2018-11-14T08:17:03&amp;apos;
System info: host: &amp;apos;MacBook-Air-Marina.local&amp;apos;, ip: &amp;apos;fe80:0:0:0:14a9:ba9a:833b:b6be%en0&amp;apos;, os.name: &amp;apos;Mac OS X&amp;apos;, os.arch: &amp;apos;x86_64&amp;apos;, os.version: &amp;apos;10.15.5&amp;apos;, java.version: &amp;apos;11.0.7&amp;apos;
Driver info: org.openqa.selenium.firefox.FirefoxDriver
Capabilities {acceptInsecureCerts: true, browserName: firefox, browserVersion: 76.0.1, javascriptEnabled: true, moz:accessibilityChecks: false, moz:buildID: 20200507114007, moz:geckodriverVersion: 0.26.0, moz:headless: false, moz:processID: 13309, moz:profile: /var/folders/m5/4kvhrwh90vv..., moz:shutdownTimeout: 60000, moz:useNonSpecCompliantPointerOrigin: false, moz:webdriverClick: true, pageLoadStrategy: normal, platform: MAC, platformName: MAC, platformVersion: 19.5.0, rotatable: false, setWindowRect: true, strictFileInteractability: false, timeouts: {implicit: 0, pageLoad: 300000, script: 30000}, unhandledPromptBehavior: dismiss and notify}
Session ID: 2b8e4910-89ee-a148-bcd3-66a68f772c7d
*** Element info: {Using=class name, value=blockbestsellers}">
      <![CDATA[org.openqa.selenium.NoSuchElementException: Unable to locate element: .blockbestsellers
For documentation on this error, please visit: https://www.seleniumhq.org/exceptions/no_such_element.html
Build info: version: '3.141.59', revision: 'e82be7d358', time: '2018-11-14T08:17:03'
System info: host: 'MacBook-Air-Marina.local', ip: 'fe80:0:0:0:14a9:ba9a:833b:b6be%en0', os.name: 'Mac OS X', os.arch: 'x86_64', os.version: '10.15.5', java.version: '11.0.7'
Driver info: org.openqa.selenium.firefox.FirefoxDriver
Capabilities {acceptInsecureCerts: true, browserName: firefox, browserVersion: 76.0.1, javascriptEnabled: true, moz:accessibilityChecks: false, moz:buildID: 20200507114007, moz:geckodriverVersion: 0.26.0, moz:headless: false, moz:processID: 13309, moz:profile: /var/folders/m5/4kvhrwh90vv..., moz:shutdownTimeout: 60000, moz:useNonSpecCompliantPointerOrigin: false, moz:webdriverClick: true, pageLoadStrategy: normal, platform: MAC, platformName: MAC, platformVersion: 19.5.0, rotatable: false, setWindowRect: true, strictFileInteractability: false, timeouts: {implicit: 0, pageLoad: 300000, script: 30000}, unhandledPromptBehavior: dismiss and notify}
Session ID: 2b8e4910-89ee-a148-bcd3-66a68f772c7d
*** Element info: {Using=class name, value=blockbestsellers}
at org.openqa.selenium.remote.http.W3CHttpResponseCodec.createException(W3CHttpResponseCodec.java:187)
at org.openqa.selenium.remote.http.W3CHttpResponseCodec.decode(W3CHttpResponseCodec.java:122)
at org.openqa.selenium.remote.http.W3CHttpResponseCodec.decode(W3CHttpResponseCodec.java:49)
at org.openqa.selenium.remote.HttpCommandExecutor.execute(HttpCommandExecutor.java:158)
at org.openqa.selenium.remote.service.DriverCommandExecutor.execute(DriverCommandExecutor.java:83)
at org.openqa.selenium.remote.RemoteWebDriver.execute(RemoteWebDriver.java:552)
at org.openqa.selenium.remote.RemoteWebDriver.findElement(RemoteWebDriver.java:323)
at org.openqa.selenium.remote.RemoteWebDriver.findElementByClassName(RemoteWebDriver.java:412)
at org.openqa.selenium.By$ByClassName.findElement(By.java:389)
at org.openqa.selenium.remote.RemoteWebDriver.findElement(RemoteWebDriver.java:315)
at homework_24.TestAutomationPracticeSIte.notFoundToElement(TestAutomationPracticeSIte.java:38)
at com.intellij.rt.testng.IDEARemoteTestNG.run(IDEARemoteTestNG.java:66)
at com.intellij.rt.testng.RemoteTestNGStarter.main(RemoteTestNGStarter.java:110)
... Removed 26 stack frames]]>
    </failure>
  </testcase> <!-- notFoundToElement -->
  <testcase classname="homework_24.TestAutomationPracticeSIte" name="typeLogin" time="0.955">
    <failure type="java.lang.AssertionError" message="expected [There is 1 error
Invalid email address.] but found [There is 1 error
Authentication failed.]">
      <![CDATA[java.lang.AssertionError: expected [There is 1 error
Invalid email address.] but found [There is 1 error
Authentication failed.]
at homework_24.TestAutomationPracticeSIte.typeLogin(TestAutomationPracticeSIte.java:22)
at com.intellij.rt.testng.IDEARemoteTestNG.run(IDEARemoteTestNG.java:66)
at com.intellij.rt.testng.RemoteTestNGStarter.main(RemoteTestNGStarter.java:110)
... Removed 28 stack frames]]>
    </failure>
  </testcase> <!-- typeLogin -->
  <testcase classname="homework_24.TestAutomationPracticeSIte" name="typeLogin" time="0.934">
    <failure type="java.lang.AssertionError" message="expected [There is 1 error
Invalid email address.] but found [There is 1 error
Authentication failed.]">
      <![CDATA[java.lang.AssertionError: expected [There is 1 error
Invalid email address.] but found [There is 1 error
Authentication failed.]
at homework_24.TestAutomationPracticeSIte.typeLogin(TestAutomationPracticeSIte.java:22)
at com.intellij.rt.testng.IDEARemoteTestNG.run(IDEARemoteTestNG.java:66)
at com.intellij.rt.testng.RemoteTestNGStarter.main(RemoteTestNGStarter.java:110)
... Removed 28 stack frames]]>
    </failure>
  </testcase> <!-- typeLogin -->
  <testcase classname="homework_24.TestAutomationPracticeSIte" name="typeLogin" time="0.911">
    <failure type="java.lang.AssertionError" message="expected [There is 1 error
Invalid email address.] but found [There is 1 error
Authentication failed.]">
      <![CDATA[java.lang.AssertionError: expected [There is 1 error
Invalid email address.] but found [There is 1 error
Authentication failed.]
at homework_24.TestAutomationPracticeSIte.typeLogin(TestAutomationPracticeSIte.java:22)
at com.intellij.rt.testng.IDEARemoteTestNG.run(IDEARemoteTestNG.java:66)
at com.intellij.rt.testng.RemoteTestNGStarter.main(RemoteTestNGStarter.java:110)
... Removed 28 stack frames]]>
    </failure>
  </testcase> <!-- typeLogin -->
  <testcase classname="homework_24.BaseTest" name="@AfterSuite tearDown" time="0.0">
    <ignored/>
  </testcase> <!-- @AfterSuite tearDown -->
</testsuite> <!-- Firefox Test -->
