<?xml version="1.0" encoding="UTF-8"?>
<!-- Generated by org.testng.reporters.JUnitXMLReporter -->
<testsuite ignored="0" hostname="MacBook-Air-Marina.local" failures="0" tests="4" name="Regression1" time="0.086" errors="0" timestamp="09 Jun 2020 18:01:07 GMT">
  <testcase classname="homework_24.BaseTest" name="@BeforeClass setUp" time="0.0">
    <failure type="org.testng.TestNGException" message="
Parameter &amp;apos;browser&amp;apos; is required by BeforeClass on method setUp but has not been marked @Optional or defined
in /Users/marinabelozerova/IdeaProjects/Homework_24/src/test/java/testngscreenshot.xml">
      <![CDATA[org.testng.TestNGException: 
Parameter 'browser' is required by BeforeClass on method setUp but has not been marked @Optional or defined
in /Users/marinabelozerova/IdeaProjects/Homework_24/src/test/java/testngscreenshot.xml
at com.intellij.rt.testng.IDEARemoteTestNG.run(IDEARemoteTestNG.java:66)
at com.intellij.rt.testng.RemoteTestNGStarter.main(RemoteTestNGStarter.java:110)
... Removed 20 stack frames]]>
    </failure>
  </testcase> <!-- @BeforeClass setUp -->
  <testcase classname="homework_24.BaseTest" name="@BeforeMethod getSite" time="0.0">
    <skipped/>
  </testcase> <!-- @BeforeMethod getSite -->
  <testcase classname="homework_24.BaseTest" name="@BeforeMethod getSite" time="0.0">
    <skipped/>
  </testcase> <!-- @BeforeMethod getSite -->
  <testcase classname="homework_24.BaseTest" name="@BeforeMethod getSite" time="0.0">
    <skipped/>
  </testcase> <!-- @BeforeMethod getSite -->
  <testcase classname="homework_24.BaseTest" name="@BeforeMethod getSite" time="0.0">
    <skipped/>
  </testcase> <!-- @BeforeMethod getSite -->
  <testcase classname="homework_24.BaseTest" name="@AfterClass closeDriver" time="0.0">
    <skipped/>
  </testcase> <!-- @AfterClass closeDriver -->
  <testcase classname="homework_24.TestAutomationPracticeSIte" name="notFoundToElement" time="0.0">
    <skipped/>
  </testcase> <!-- notFoundToElement -->
  <testcase classname="homework_24.TestAutomationPracticeSIte" name="typeLogin" time="0.0">
    <skipped/>
  </testcase> <!-- typeLogin -->
  <testcase classname="homework_24.TestAutomationPracticeSIte" name="typeLogin" time="0.0">
    <skipped/>
  </testcase> <!-- typeLogin -->
  <testcase classname="homework_24.TestAutomationPracticeSIte" name="typeLogin" time="0.0">
    <skipped/>
  </testcase> <!-- typeLogin -->
</testsuite> <!-- Regression1 -->
